<?xml version="1.0" encoding="UTF-8"?>
<testsuite name="com.ruby.he.tests.MarketOpenTest" tests="1" skipped="0" failures="0" errors="0" timestamp="2020-11-30T00:33:15" hostname="RubyHe-MacBook-Pro.local" time="0.016">
  <properties/>
  <testcase name="testNormalWeekend()" classname="com.ruby.he.tests.MarketOpenTest" time="0.016"/>
  <system-out><![CDATA[]]></system-out>
  <system-err><![CDATA[]]></system-err>
</testsuite>
